<?xml version="1.0" encoding="UTF-8"?>
<!-- Generated by org.testng.reporters.JUnitReportReporter -->
<testsuite skipped="0" hostname="DESKTOP-2FFOULV" name="TestNG.TestNG_MethodClassAnnotations" tests="2" failures="0" timestamp="11 kwi 2018 06:51:10 GMT" time="0.000" errors="0">
  <testcase name="testMethod1" time="0.000" classname="TestNG.TestNG_MethodClassAnnotations"/>
  <testcase name="testMethod2" time="0.000" classname="TestNG.TestNG_MethodClassAnnotations"/>
</testsuite> <!-- TestNG.TestNG_MethodClassAnnotations -->
