<?xml version="1.0" encoding="UTF-8"?>
<!-- Generated by org.testng.reporters.JUnitReportReporter -->
<testsuite skipped="0" hostname="DESKTOP-2FFOULV" name="TestNG.RunningTestSuite_TestClass1" tests="2" failures="0" timestamp="11 kwi 2018 07:30:13 GMT" time="0.003" errors="0">
  <testcase name="testMethod2" time="0.000" classname="TestNG.RunningTestSuite_TestClass1"/>
  <testcase name="testMethod1" time="0.003" classname="TestNG.RunningTestSuite_TestClass1"/>
</testsuite> <!-- TestNG.RunningTestSuite_TestClass1 -->
