<?xml version="1.0" encoding="UTF-8"?>
<!-- Generated by org.testng.reporters.JUnitReportReporter -->
<testsuite skipped="0" hostname="DESKTOP-2FFOULV" name="TestNG.TestNG_RunningTestSuite_TestClass1" tests="2" failures="0" timestamp="11 kwi 2018 07:19:55 GMT" time="0.017" errors="0">
  <testcase name="testMethod1" time="0.013" classname="TestNG.TestNG_RunningTestSuite_TestClass1"/>
  <testcase name="testMethod2" time="0.004" classname="TestNG.TestNG_RunningTestSuite_TestClass1"/>
</testsuite> <!-- TestNG.TestNG_RunningTestSuite_TestClass1 -->
