<?xml version="1.0" encoding="UTF-8"?>
<!-- Generated by org.testng.reporters.JUnitReportReporter -->
<testsuite skipped="0" hostname="DESKTOP-2FFOULV" name="TestNG.TestAnnotation" tests="3" failures="0" timestamp="11 kwi 2018 05:48:06 GMT" time="0.029" errors="0">
  <testcase name="testMethod2" time="0.002" classname="TestNG.TestAnnotation"/>
  <testcase name="testMethod3" time="0.001" classname="TestNG.TestAnnotation"/>
  <testcase name="testMethod1" time="0.026" classname="TestNG.TestAnnotation"/>
</testsuite> <!-- TestNG.TestAnnotation -->
