<?xml version="1.0" encoding="UTF-8"?>
<!-- Generated by org.testng.reporters.JUnitReportReporter -->
<testsuite skipped="0" hostname="DESKTOP-2FFOULV" name="TestNG.TestPrioritizing" tests="3" failures="0" timestamp="11 kwi 2018 12:16:51 GMT" time="0.012" errors="0">
  <testcase name="testMethod3" time="0.010" classname="TestNG.TestPrioritizing"/>
  <testcase name="testMethod2" time="0.001" classname="TestNG.TestPrioritizing"/>
  <testcase name="testMethod1" time="0.001" classname="TestNG.TestPrioritizing"/>
</testsuite> <!-- TestNG.TestPrioritizing -->
