<?xml version="1.0" encoding="UTF-8"?>
<!-- Generated by org.testng.reporters.JUnitReportReporter -->
<testsuite skipped="0" hostname="DESKTOP-2FFOULV" name="AdvancedReporting.LoginTest" tests="1" failures="0" timestamp="11 kwi 2018 11:51:38 GMT" time="10.360" errors="0">
  <testcase name="test1_validLoginTest" time="10.360" classname="AdvancedReporting.LoginTest"/>
</testsuite> <!-- AdvancedReporting.LoginTest -->
