<?xml version="1.0" encoding="UTF-8"?>
<!-- Generated by org.testng.reporters.JUnitReportReporter -->
<testsuite skipped="0" hostname="DESKTOP-2FFOULV" name="TestNG.TestGrouping" tests="2" failures="0" timestamp="12 kwi 2018 08:06:23 GMT" time="0.018" errors="0">
  <testcase name="testBMWX6" time="0.003" classname="TestNG.TestGrouping"/>
  <testcase name="testAudiA6" time="0.015" classname="TestNG.TestGrouping"/>
</testsuite> <!-- TestNG.TestGrouping -->
