<?xml version="1.0" encoding="UTF-8"?>
<!-- Generated by org.testng.reporters.JUnitReportReporter -->
<testsuite skipped="1" hostname="DESKTOP-2FFOULV" name="TestNG.TimeoutTestMethods" tests="2" failures="0" timestamp="12 kwi 2018 08:37:51 GMT" time="0.323" errors="1">
  <testcase name="testMethod2" time="0.323" classname="TestNG.TimeoutTestMethods">
    <error type="org.testng.internal.thread.ThreadTimeoutException" message="Method TestNG.TimeoutTestMethods.testMethod2() didn&#039;t finish within the time-out 300">
      <![CDATA[org.testng.internal.thread.ThreadTimeoutException: Method TestNG.TimeoutTestMethods.testMethod2() didn't finish within the time-out 300
]]>
    </error>
  </testcase> <!-- testMethod2 -->
  <testcase name="testMethod1" classname="TestNG.TimeoutTestMethods">
    <skipped/>
  </testcase> <!-- testMethod1 -->
</testsuite> <!-- TestNG.TimeoutTestMethods -->
